<?xml version="1.0" encoding="UTF-8"?>
<!-- Generated by org.testng.reporters.JUnitXMLReporter -->
<testsuite hostname="LAPTOP-A5D55VAQ" ignored="0" name="HomeTest" tests="2" failures="1" timestamp="25 May 2019 10:04:05 GMT" time="25.517" errors="0">
  <testcase name="verifyHomePageTitle" time="0.068" classname="com.redbusFramework.testcases.HomePageTitleTest"/>
  <testcase name="verifyHomePageTitle" time="0.065" classname="com.redbusFramework.testcases.HomePageTitleTest2">
    <failure type="java.lang.AssertionError" message="expected [Boo Bus Travels, AC Volvo Bus, Hotels &amp;amp; Bus Hire - redBus] but found [Book Bus Travels, AC Volvo Bus, Hotels &amp;amp; Bus Hire - redBus]">
      <![CDATA[java.lang.AssertionError: expected [Boo Bus Travels, AC Volvo Bus, Hotels & Bus Hire - redBus] but found [Book Bus Travels, AC Volvo Bus, Hotels & Bus Hire - redBus]
	at com.redbusFramework.testcases.HomePageTitleTest2.verifyHomePageTitle(HomePageTitleTest2.java:39)
	at java.util.concurrent.FutureTask.run(FutureTask.java:266)
	at java.util.concurrent.ThreadPoolExecutor.runWorker(ThreadPoolExecutor.java:1142)
	at java.util.concurrent.ThreadPoolExecutor$Worker.run(ThreadPoolExecutor.java:617)
	at java.lang.Thread.run(Thread.java:745)
... Removed 22 stack frames]]>
    </failure>
  </testcase> <!-- verifyHomePageTitle -->
</testsuite> <!-- HomeTest -->
